<?xml version="1.0" encoding="UTF-8"?>
<testsuites>
    <testsuite name="force.apex" timestamp="2017-04-21T15:49:12+05:30" hostname="https://page-site-4548-dev-ed.cs70.my.salesforce.com" tests="2" failures="0"  errors="0"  time="0.12">
        <properties>
            <property name="outcome" value="Passed"/>
            <property name="testsRan" value="2"/>
            <property name="passing" value="2"/>
            <property name="failing" value="0"/>
            <property name="passRate" value="100%"/>
            <property name="failRate" value="0%"/>
            <property name="testStartTime" value="Apr 21, 2017 3:49 PM"/>
            <property name="testExecutionTime" value="0.12 s"/>
            <property name="testTotalTime" value="0.12 s"/>
            <property name="commandTime" value="5.3 s"/>
            <property name="testRunId" value="7073D0000009LF3"/>
            <property name="hostname" value="https://page-site-4548-dev-ed.cs70.my.salesforce.com"/>
            <property name="orgId" value="00D3D0000008bJXUAY"/>
            <property name="username" value="scratchorg1492769917291@democompany.com"/>
            <property name="userId" value="0053D000000Ht4LQAS"/>
        </properties>
        <testcase name="testmycontact" classname="TestContact"  time="0.07">
        </testcase>
        <testcase name="testdata" classname="TestCreateRecord_AC"  time="0.05">
        </testcase>
    </testsuite>
</testsuites>
