<?xml version="1.0" encoding="UTF-8"?>
<testsuites>
    <testsuite name="force.apex" timestamp="2017-04-24T11:27:32+05:30" hostname="https://business-speed-2735-dev-ed.cs70.my.salesforce.com" tests="2" failures="0"  errors="0"  time="0.15">
        <properties>
            <property name="outcome" value="Passed"/>
            <property name="testsRan" value="2"/>
            <property name="passing" value="2"/>
            <property name="failing" value="0"/>
            <property name="passRate" value="100%"/>
            <property name="failRate" value="0%"/>
            <property name="testStartTime" value="Apr 24, 2017 11:27 AM"/>
            <property name="testExecutionTime" value="0.15 s"/>
            <property name="testTotalTime" value="0.15 s"/>
            <property name="commandTime" value="6.72 s"/>
            <property name="testRunId" value="7073D000000CiBJ"/>
            <property name="hostname" value="https://business-speed-2735-dev-ed.cs70.my.salesforce.com"/>
            <property name="orgId" value="00D3D0000008bS9UAI"/>
            <property name="username" value="scratchorg1493013381080@democompany.com"/>
            <property name="userId" value="0053D000000M4nQQAS"/>
        </properties>
        <testcase name="testmycontact" classname="TestContact"  time="0.08">
        </testcase>
        <testcase name="testdata" classname="TestCreateRecord_AC"  time="0.07">
        </testcase>
    </testsuite>
</testsuites>
